<?xml version="1.0" encoding="UTF-8"?>
<testng-results ignored="0" total="4" passed="4" failed="0" skipped="0">
  <reporter-output>
  </reporter-output>
  <suite started-at="2025-04-01T10:02:49 IST" name="Default suite" finished-at="2025-04-01T10:02:58 IST" duration-ms="8942">
    <groups>
    </groups>
    <test started-at="2025-04-01T10:02:49 IST" name="Default test" finished-at="2025-04-01T10:02:58 IST" duration-ms="8942">
      <class name="com.test.LoginTest">
        <test-method is-config="true" signature="beformethod()[pri:0, instance:com.test.LoginTest@2a265ea9]" started-at="2025-04-01T10:02:50 IST" name="beformethod" finished-at="2025-04-01T10:02:54 IST" duration-ms="4209" status="PASS">
          <reporter-output>
          </reporter-output>
        </test-method> <!-- beformethod -->
        <test-method is-config="true" signature="beformethod()[pri:0, instance:com.test.LoginTest@2a265ea9]" started-at="2025-04-01T10:02:50 IST" name="beformethod" finished-at="2025-04-01T10:02:54 IST" duration-ms="4155" status="PASS">
          <reporter-output>
          </reporter-output>
        </test-method> <!-- beformethod -->
        <test-method is-config="true" signature="beformethod()[pri:0, instance:com.test.LoginTest@2a265ea9]" started-at="2025-04-01T10:02:50 IST" name="beformethod" finished-at="2025-04-01T10:02:54 IST" duration-ms="4207" status="PASS">
          <reporter-output>
          </reporter-output>
        </test-method> <!-- beformethod -->
        <test-method is-config="true" signature="beformethod()[pri:0, instance:com.test.LoginTest@2a265ea9]" started-at="2025-04-01T10:02:50 IST" name="beformethod" finished-at="2025-04-01T10:02:54 IST" duration-ms="3965" status="PASS">
          <reporter-output>
          </reporter-output>
        </test-method> <!-- beformethod -->
        <test-method signature="loginFunctionalityTest(java.lang.String,java.lang.String,java.lang.String)[pri:0, instance:com.test.LoginTest@2a265ea9]" started-at="2025-04-01T10:02:54 IST" name="loginFunctionalityTest" data-provider="LoginData" finished-at="2025-04-01T10:02:58 IST" duration-ms="3576" status="PASS">
          <params>
            <param index="0">
              <value>
                <![CDATA[standard_user]]>
              </value>
            </param>
            <param index="1">
              <value>
                <![CDATA[secret_sauce]]>
              </value>
            </param>
            <param index="2">
              <value>
                <![CDATA[success]]>
              </value>
            </param>
          </params>
          <reporter-output>
          </reporter-output>
        </test-method> <!-- loginFunctionalityTest -->
        <test-method signature="loginFunctionalityTest(java.lang.String,java.lang.String,java.lang.String)[pri:0, instance:com.test.LoginTest@2a265ea9]" started-at="2025-04-01T10:02:54 IST" name="loginFunctionalityTest" data-provider="LoginData" finished-at="2025-04-01T10:02:55 IST" duration-ms="861" status="PASS">
          <params>
            <param index="0">
              <value>
                <![CDATA[]]>
              </value>
            </param>
            <param index="1">
              <value>
                <![CDATA[secret_sauce]]>
              </value>
            </param>
            <param index="2">
              <value>
                <![CDATA[no_user]]>
              </value>
            </param>
          </params>
          <reporter-output>
          </reporter-output>
        </test-method> <!-- loginFunctionalityTest -->
        <test-method signature="loginFunctionalityTest(java.lang.String,java.lang.String,java.lang.String)[pri:0, instance:com.test.LoginTest@2a265ea9]" started-at="2025-04-01T10:02:54 IST" name="loginFunctionalityTest" data-provider="LoginData" finished-at="2025-04-01T10:02:55 IST" duration-ms="794" status="PASS">
          <params>
            <param index="0">
              <value>
                <![CDATA[standard_user]]>
              </value>
            </param>
            <param index="1">
              <value>
                <![CDATA[]]>
              </value>
            </param>
            <param index="2">
              <value>
                <![CDATA[no_pass]]>
              </value>
            </param>
          </params>
          <reporter-output>
          </reporter-output>
        </test-method> <!-- loginFunctionalityTest -->
        <test-method signature="loginFunctionalityTest(java.lang.String,java.lang.String,java.lang.String)[pri:0, instance:com.test.LoginTest@2a265ea9]" started-at="2025-04-01T10:02:54 IST" name="loginFunctionalityTest" data-provider="LoginData" finished-at="2025-04-01T10:02:55 IST" duration-ms="794" status="PASS">
          <params>
            <param index="0">
              <value>
                <![CDATA[saranya]]>
              </value>
            </param>
            <param index="1">
              <value>
                <![CDATA[A]]>
              </value>
            </param>
            <param index="2">
              <value>
                <![CDATA[invalid]]>
              </value>
            </param>
          </params>
          <reporter-output>
          </reporter-output>
        </test-method> <!-- loginFunctionalityTest -->
        <test-method is-config="true" signature="aftermethod()[pri:0, instance:com.test.LoginTest@2a265ea9]" started-at="2025-04-01T10:02:55 IST" name="aftermethod" finished-at="2025-04-01T10:02:55 IST" duration-ms="271" status="PASS">
          <reporter-output>
          </reporter-output>
        </test-method> <!-- aftermethod -->
        <test-method is-config="true" signature="aftermethod()[pri:0, instance:com.test.LoginTest@2a265ea9]" started-at="2025-04-01T10:02:55 IST" name="aftermethod" finished-at="2025-04-01T10:02:56 IST" duration-ms="487" status="PASS">
          <reporter-output>
          </reporter-output>
        </test-method> <!-- aftermethod -->
        <test-method is-config="true" signature="aftermethod()[pri:0, instance:com.test.LoginTest@2a265ea9]" started-at="2025-04-01T10:02:55 IST" name="aftermethod" finished-at="2025-04-01T10:02:55 IST" duration-ms="369" status="PASS">
          <reporter-output>
          </reporter-output>
        </test-method> <!-- aftermethod -->
        <test-method is-config="true" signature="aftermethod()[pri:0, instance:com.test.LoginTest@2a265ea9]" started-at="2025-04-01T10:02:58 IST" name="aftermethod" finished-at="2025-04-01T10:02:58 IST" duration-ms="285" status="PASS">
          <reporter-output>
          </reporter-output>
        </test-method> <!-- aftermethod -->
      </class> <!-- com.test.LoginTest -->
    </test> <!-- Default test -->
  </suite> <!-- Default suite -->
</testng-results>
