<?xml version="1.0" encoding="UTF-8"?>
<!-- Generated by org.testng.reporters.JUnitXMLReporter -->
<testsuite ignored="0" hostname="Saranya" failures="0" tests="4" name="Default test" time="8.942" errors="0" timestamp="2025-04-01T10:02:58 IST">
  <testcase classname="com.test.LoginTest" name="loginFunctionalityTest" time="0.794"/>
  <testcase classname="com.test.LoginTest" name="loginFunctionalityTest" time="0.794"/>
  <testcase classname="com.test.LoginTest" name="loginFunctionalityTest" time="0.861"/>
  <testcase classname="com.test.LoginTest" name="loginFunctionalityTest" time="3.576"/>
</testsuite> <!-- Default test -->
